CRITICAL - 2024-02-08 09:46:10 --> CodeIgniter\Exceptions\FrameworkException: The framework needs the following extension(s) installed and loaded: intl.
in SYSTEMPATH\CodeIgniter.php on line 252.
 1 SYSTEMPATH\CodeIgniter.php(252): CodeIgniter\Exceptions\FrameworkException::forMissingExtension('intl')
 2 SYSTEMPATH\CodeIgniter.php(214): CodeIgniter\CodeIgniter->resolvePlatformExtensions()
 3 FCPATH\index.php(67): CodeIgniter\CodeIgniter->initialize()
CRITICAL - 2024-02-08 09:46:14 --> CodeIgniter\Exceptions\FrameworkException: The framework needs the following extension(s) installed and loaded: intl.
in SYSTEMPATH\CodeIgniter.php on line 252.
 1 SYSTEMPATH\CodeIgniter.php(252): CodeIgniter\Exceptions\FrameworkException::forMissingExtension('intl')
 2 SYSTEMPATH\CodeIgniter.php(214): CodeIgniter\CodeIgniter->resolvePlatformExtensions()
 3 FCPATH\index.php(67): CodeIgniter\CodeIgniter->initialize()
CRITICAL - 2024-02-08 09:46:15 --> CodeIgniter\Exceptions\FrameworkException: The framework needs the following extension(s) installed and loaded: intl.
in SYSTEMPATH\CodeIgniter.php on line 252.
 1 SYSTEMPATH\CodeIgniter.php(252): CodeIgniter\Exceptions\FrameworkException::forMissingExtension('intl')
 2 SYSTEMPATH\CodeIgniter.php(214): CodeIgniter\CodeIgniter->resolvePlatformExtensions()
 3 FCPATH\index.php(67): CodeIgniter\CodeIgniter->initialize()
CRITICAL - 2024-02-08 09:46:24 --> CodeIgniter\Exceptions\FrameworkException: The framework needs the following extension(s) installed and loaded: intl.
in SYSTEMPATH\CodeIgniter.php on line 252.
 1 SYSTEMPATH\CodeIgniter.php(252): CodeIgniter\Exceptions\FrameworkException::forMissingExtension('intl')
 2 SYSTEMPATH\CodeIgniter.php(214): CodeIgniter\CodeIgniter->resolvePlatformExtensions()
 3 FCPATH\index.php(67): CodeIgniter\CodeIgniter->initialize()
CRITICAL - 2024-02-08 09:46:29 --> CodeIgniter\Exceptions\FrameworkException: The framework needs the following extension(s) installed and loaded: intl.
in SYSTEMPATH\CodeIgniter.php on line 252.
 1 SYSTEMPATH\CodeIgniter.php(252): CodeIgniter\Exceptions\FrameworkException::forMissingExtension('intl')
 2 SYSTEMPATH\CodeIgniter.php(214): CodeIgniter\CodeIgniter->resolvePlatformExtensions()
 3 FCPATH\index.php(67): CodeIgniter\CodeIgniter->initialize()
CRITICAL - 2024-02-08 09:46:31 --> CodeIgniter\Exceptions\FrameworkException: The framework needs the following extension(s) installed and loaded: intl.
in SYSTEMPATH\CodeIgniter.php on line 252.
 1 SYSTEMPATH\CodeIgniter.php(252): CodeIgniter\Exceptions\FrameworkException::forMissingExtension('intl')
 2 SYSTEMPATH\CodeIgniter.php(214): CodeIgniter\CodeIgniter->resolvePlatformExtensions()
 3 FCPATH\index.php(67): CodeIgniter\CodeIgniter->initialize()
CRITICAL - 2024-02-08 09:58:37 --> CodeIgniter\Exceptions\FrameworkException: The framework needs the following extension(s) installed and loaded: intl.
in SYSTEMPATH\CodeIgniter.php on line 252.
 1 SYSTEMPATH\CodeIgniter.php(252): CodeIgniter\Exceptions\FrameworkException::forMissingExtension('intl')
 2 SYSTEMPATH\CodeIgniter.php(214): CodeIgniter\CodeIgniter->resolvePlatformExtensions()
 3 FCPATH\index.php(67): CodeIgniter\CodeIgniter->initialize()
CRITICAL - 2024-02-08 09:58:37 --> CodeIgniter\Exceptions\FrameworkException: The framework needs the following extension(s) installed and loaded: intl.
in SYSTEMPATH\CodeIgniter.php on line 252.
 1 SYSTEMPATH\CodeIgniter.php(252): CodeIgniter\Exceptions\FrameworkException::forMissingExtension('intl')
 2 SYSTEMPATH\CodeIgniter.php(214): CodeIgniter\CodeIgniter->resolvePlatformExtensions()
 3 FCPATH\index.php(67): CodeIgniter\CodeIgniter->initialize()
CRITICAL - 2024-02-08 09:58:37 --> CodeIgniter\Exceptions\FrameworkException: The framework needs the following extension(s) installed and loaded: intl.
in SYSTEMPATH\CodeIgniter.php on line 252.
 1 SYSTEMPATH\CodeIgniter.php(252): CodeIgniter\Exceptions\FrameworkException::forMissingExtension('intl')
 2 SYSTEMPATH\CodeIgniter.php(214): CodeIgniter\CodeIgniter->resolvePlatformExtensions()
 3 FCPATH\index.php(67): CodeIgniter\CodeIgniter->initialize()
CRITICAL - 2024-02-08 09:58:37 --> CodeIgniter\Exceptions\FrameworkException: The framework needs the following extension(s) installed and loaded: intl.
in SYSTEMPATH\CodeIgniter.php on line 252.
 1 SYSTEMPATH\CodeIgniter.php(252): CodeIgniter\Exceptions\FrameworkException::forMissingExtension('intl')
 2 SYSTEMPATH\CodeIgniter.php(214): CodeIgniter\CodeIgniter->resolvePlatformExtensions()
 3 FCPATH\index.php(67): CodeIgniter\CodeIgniter->initialize()
CRITICAL - 2024-02-08 09:58:37 --> CodeIgniter\Exceptions\FrameworkException: The framework needs the following extension(s) installed and loaded: intl.
in SYSTEMPATH\CodeIgniter.php on line 252.
 1 SYSTEMPATH\CodeIgniter.php(252): CodeIgniter\Exceptions\FrameworkException::forMissingExtension('intl')
 2 SYSTEMPATH\CodeIgniter.php(214): CodeIgniter\CodeIgniter->resolvePlatformExtensions()
 3 FCPATH\index.php(67): CodeIgniter\CodeIgniter->initialize()
CRITICAL - 2024-02-08 09:35:41 --> CodeIgniter\View\Exceptions\ViewException: Invalid file: "templates/header.php"
in SYSTEMPATH\Exceptions\FrameworkException.php on line 39.
 1 SYSTEMPATH\View\View.php(216): CodeIgniter\Exceptions\FrameworkException::forInvalidFile('templates/header.php')
 2 SYSTEMPATH\Common.php(1178): CodeIgniter\View\View->render('templates/header', [], true)
 3 APPPATH\Controllers\Pages.php(23): view('templates/header', [...])
 4 SYSTEMPATH\CodeIgniter.php(941): App\Controllers\Pages->view('home')
 5 SYSTEMPATH\CodeIgniter.php(502): CodeIgniter\CodeIgniter->runController(Object(App\Controllers\Pages))
 6 SYSTEMPATH\CodeIgniter.php(361): CodeIgniter\CodeIgniter->handleRequest(null, Object(Config\Cache), false)
 7 FCPATH\index.php(79): CodeIgniter\CodeIgniter->run()
